0 info it worked if it ends with ok
1 verbose cli [ '/usr/bin/nodejs', '/usr/bin/npm', 'run', 'test:cover' ]
2 info using npm@3.10.6
3 info using node@v4.5.0
4 verbose run-script [ 'pretest:cover', 'test:cover', 'posttest:cover' ]
5 info lifecycle angular-generator@1.0.0~pretest:cover: angular-generator@1.0.0
6 silly lifecycle angular-generator@1.0.0~pretest:cover: no script for pretest:cover, continuing
7 info lifecycle angular-generator@1.0.0~test:cover: angular-generator@1.0.0
8 verbose lifecycle angular-generator@1.0.0~test:cover: unsafe-perm in lifecycle true
9 verbose lifecycle angular-generator@1.0.0~test:cover: PATH: /usr/lib/node_modules/npm/bin/node-gyp-bin:/mnt/c/Dev/Projets/GitHub/angular15-generator/node_modules/.bin:/usr/local/bin:/usr/bin:/bin:/usr/local/games:/usr/games
10 verbose lifecycle angular-generator@1.0.0~test:cover: CWD: /mnt/c/Dev/Projets/GitHub/angular15-generator
11 silly lifecycle angular-generator@1.0.0~test:cover: Args: [ '-c',
11 silly lifecycle   'istanbul cover _mocha -- -u exports -R lcov ./src/**/*_spec.js' ]
12 silly lifecycle angular-generator@1.0.0~test:cover: Returned: code: 1  signal: null
13 info lifecycle angular-generator@1.0.0~test:cover: Failed to exec test:cover script
14 verbose stack Error: angular-generator@1.0.0 test:cover: `istanbul cover _mocha -- -u exports -R lcov ./src/**/*_spec.js`
14 verbose stack Exit status 1
14 verbose stack     at EventEmitter.<anonymous> (/usr/lib/node_modules/npm/lib/utils/lifecycle.js:255:16)
14 verbose stack     at emitTwo (events.js:87:13)
14 verbose stack     at EventEmitter.emit (events.js:172:7)
14 verbose stack     at ChildProcess.<anonymous> (/usr/lib/node_modules/npm/lib/utils/spawn.js:40:14)
14 verbose stack     at emitTwo (events.js:87:13)
14 verbose stack     at ChildProcess.emit (events.js:172:7)
14 verbose stack     at maybeClose (internal/child_process.js:829:16)
14 verbose stack     at Process.ChildProcess._handle.onexit (internal/child_process.js:211:5)
15 verbose pkgid angular-generator@1.0.0
16 verbose cwd /mnt/c/Dev/Projets/GitHub/angular15-generator
17 error Linux 3.4.0+
18 error argv "/usr/bin/nodejs" "/usr/bin/npm" "run" "test:cover"
19 error node v4.5.0
20 error npm  v3.10.6
21 error code ELIFECYCLE
22 error angular-generator@1.0.0 test:cover: `istanbul cover _mocha -- -u exports -R lcov ./src/**/*_spec.js`
22 error Exit status 1
23 error Failed at the angular-generator@1.0.0 test:cover script 'istanbul cover _mocha -- -u exports -R lcov ./src/**/*_spec.js'.
23 error Make sure you have the latest version of node.js and npm installed.
23 error If you do, this is most likely a problem with the angular-generator package,
23 error not with npm itself.
23 error Tell the author that this fails on your system:
23 error     istanbul cover _mocha -- -u exports -R lcov ./src/**/*_spec.js
23 error You can get information on how to open an issue for this project with:
23 error     npm bugs angular-generator
23 error Or if that isn't available, you can get their info via:
23 error     npm owner ls angular-generator
23 error There is likely additional logging output above.
24 verbose exit [ 1, true ]
